  [1m[36m (1.4ms)[0m  [1mCREATE TABLE "schema_migrations" ("version" varchar NOT NULL) [0m
  [1m[35m (0.1ms)[0m  select sqlite_version(*)
  [1m[36m (1.1ms)[0m  [1mCREATE UNIQUE INDEX "unique_schema_migrations" ON "schema_migrations" ("version")[0m
  [1m[35mActiveRecord::SchemaMigration Load (0.1ms)[0m  SELECT "schema_migrations".* FROM "schema_migrations"


Started GET "/" for ::1 at 2015-11-16 16:12:00 -0600
Processing by Rails::WelcomeController#index as HTML
  Rendered /Users/admin/.rvm/gems/ruby-2.1.2/gems/railties-4.2.3/lib/rails/templates/rails/welcome/index.html.erb (1.9ms)
Completed 200 OK in 48ms (Views: 36.7ms | ActiveRecord: 0.0ms)


Started GET "/" for ::1 at 2019-09-04 15:22:59 -0400
Processing by Rails::WelcomeController#index as HTML
  Rendered /Users/Rachou/.rvm/gems/ruby-2.6.1/gems/railties-4.2.11.1/lib/rails/templates/rails/welcome/index.html.erb (4.0ms)
Completed 200 OK in 56ms (Views: 36.9ms | ActiveRecord: 0.0ms)


Started GET "/" for ::1 at 2019-09-04 16:56:07 -0400
Processing by Rails::WelcomeController#index as HTML
  Rendered /Users/Rachou/.rvm/gems/ruby-2.6.1/gems/railties-4.2.11.1/lib/rails/templates/rails/welcome/index.html.erb (1.5ms)
Completed 200 OK in 18ms (Views: 12.3ms | ActiveRecord: 0.0ms)


Started GET "/" for ::1 at 2019-09-04 16:56:21 -0400
Processing by Rails::WelcomeController#index as HTML
  Rendered /Users/Rachou/.rvm/gems/ruby-2.6.1/gems/railties-4.2.11.1/lib/rails/templates/rails/welcome/index.html.erb (0.1ms)
Completed 200 OK in 2ms (Views: 1.4ms | ActiveRecord: 0.0ms)


Started GET "/hello_world" for ::1 at 2019-09-04 16:56:30 -0400
Processing by StaticController#hello_world as HTML
  Rendered static/hello_world.html.erb within layouts/application (0.8ms)
Completed 200 OK in 542ms (Views: 541.3ms | ActiveRecord: 0.0ms)


Started GET "/assets/application.self-e80e8f2318043e8af94dddc2adad5a4f09739a8ebb323b3ab31cd71d45fd9113.css?body=1" for ::1 at 2019-09-04 16:56:30 -0400


Started GET "/assets/jquery_ujs.self-784a997f6726036b1993eb2217c9cb558e1cbb801c6da88105588c56f13b466a.js?body=1" for ::1 at 2019-09-04 16:56:30 -0400


Started GET "/assets/static.self-e3b0c44298fc1c149afbf4c8996fb92427ae41e4649b934ca495991b7852b855.css?body=1" for ::1 at 2019-09-04 16:56:30 -0400


Started GET "/assets/jquery.self-bd7ddd393353a8d2480a622e80342adf488fb6006d667e8b42e4c0073393abee.js?body=1" for ::1 at 2019-09-04 16:56:30 -0400


Started GET "/assets/turbolinks.self-569ee74eaa15c1e2019317ff770b8769b1ec033a0f572a485f64c82ddc8f989e.js?body=1" for ::1 at 2019-09-04 16:56:30 -0400


Started GET "/assets/static.self-877aef30ae1b040ab8a3aba4e3e309a11d7f2612f44dde450b5c157aa5f95c05.js?body=1" for ::1 at 2019-09-04 16:56:30 -0400


Started GET "/assets/application.self-3b8dabdc891efe46b9a144b400ad69e37d7e5876bdc39dee783419a69d7ca819.js?body=1" for ::1 at 2019-09-04 16:56:30 -0400
  [1m[36mActiveRecord::SchemaMigration Load (0.1ms)[0m  [1mSELECT "schema_migrations".* FROM "schema_migrations"[0m
  [1m[36m (0.2ms)[0m  [1mSELECT "schema_migrations"."version" FROM "schema_migrations"[0m
